MPASM 5.53                      RECEIVER.ASM   1-3-2014  2:34:39         PAGE  1


LOC  OBJECT CODE     LINE SOURCE TEXT
  VALUE

                      00001     list         p=12f629
                      00002         #include p12f629.inc
                      00001         LIST
                      00002 
                      00003 ;==========================================================================
                      00004 ;  MPASM PIC12F629 processor include
                      00005 ; 
                      00006 ;  (c) Copyright 1999-2013 Microchip Technology, All rights reserved
                      00007 ;==========================================================================
                      00008 
                      00338         LIST
                      00003 
                      00004 ;   Set configuration bits using definitions from the include file, p16f84.inc
2007   3FD4           00005         __config _INTRC_OSC_NOCLKOUT & _PWRTE_OFF & _WDT_OFF & _CP_OFF & _CPD_OFF & _MCLRE_OFF
                      00006 
                      00007 ;variables  definition
                      00008         cblock 0x20
  00000020            00009                 blinkCount
  00000021            00010                 delayCounter
  00000022            00011                 temp
  00000023            00012                 Delay50MsCounter
  00000024            00013                 DelayOutCounter
  00000025            00014                 DelayInCounter
  00000026            00015                 command
  00000027            00016                 dataSize
  00000028            00017                 lcdData:14
  0000003C            00018                 byteToSend
  0000003D            00019                 bitCount
  0000003E            00020                 digitAddress
  0000003F            00021                 firstDigit
  00000040            00022                 secondDigit
  00000041            00023                 irData:20
                      00024         endc
                      00025 ;constants
  00000001            00026 STB equ GP1
  00000000            00027 DAT equ GP0
  00000005            00028 CLK equ GP5
  00000002            00029 SERIAL equ GP2
  00000003            00030 IRPORT equ GP3
                      00031 
  00000028            00032 DIGIT0 equ lcdData
  0000002A            00033 DIGIT1 equ lcdData+.2
  0000002C            00034 DIGIT2 equ lcdData+.4
  0000002E            00035 DIGIT3 equ lcdData+.6
  00000030            00036 DIGIT4 equ lcdData+.8
  00000032            00037 DIGIT5 equ lcdData+.10
  00000034            00038 DIGIT6 equ lcdData+.12
                      00039 ;===============================================================================
                      00040 ; Reset vector
                      00041 ;==============================================================================
                      00042     org     0
0000   2???           00043     goto    Start
                      00044 
MPASM 5.53                      RECEIVER.ASM   1-3-2014  2:34:39         PAGE  2


LOC  OBJECT CODE     LINE SOURCE TEXT
  VALUE

                      00045 ;===============================================================================
                      00046 ;Programm vector
                      00047 ;===============================================================================
                      00048         org     0x50
                      00049 ;===============================================================================
                      00050 ;Return value of 7 segment char.
                      00051 ;===============================================================================
0050                  00052 getSymCode:
0050   0782           00053         addwf   PCL,F
0051   343F           00054         retlw   b'00111111' ; 0
0052   3406           00055         retlw   b'00000110'     ; 1
0053   345B           00056         retlw   b'01011011'     ; 2
0054   344F           00057         retlw   b'01001111'     ; 3
0055   3466           00058         retlw   b'01100110'     ; 4
0056   346D           00059         retlw   b'01101101'     ; 5
0057   347D           00060         retlw   b'01111101'     ; 6
0058   3407           00061         retlw   b'00000111'     ; 7
0059   347F           00062         retlw   b'01111111'     ; 8
005A   346F           00063         retlw   b'01101111'     ; 9
005B   3477           00064         retlw   b'01110111'     ; a
005C   347C           00065         retlw   b'01111100'     ; b
005D   3439           00066         retlw   b'00111001'     ; c
005E   345E           00067         retlw   b'01011110'     ; d
005F   3479           00068         retlw   b'01111001'     ; e
0060   3471           00069         retlw   b'01110001'     ; f
                      00070 
0061                  00071 getAsciiCode:
0061   0782           00072         addwf   PCL,F
0062   3430           00073         retlw   0x30
0063   3431           00074         retlw   0x31
0064   3432           00075         retlw   0x32
0065   3433           00076         retlw   0x33
0066   3434           00077         retlw   0x34
0067   3435           00078         retlw   0x35
0068   3436           00079         retlw   0x36
0069   3437           00080         retlw   0x37
006A   3438           00081         retlw   0x38
006B   3439           00082         retlw   0x39
006C   3461           00083         retlw   'a'
006D   3462           00084         retlw   'b'
006E   3463           00085         retlw   'c'
006F   3464           00086         retlw   'd'
0070   3465           00087         retlw   'e'
0071   3466           00088         retlw   'f'
                      00089 
                      00090 ;===============================================================================
                      00091 ; convert hex to 7 segment symbol
                      00092 ; input arg: W - value
                      00093 ; Output args in: firstDigit, secondDigit
                      00094 ;===============================================================================
0072                  00095 valueToHex
0072   00A2           00096         movwf temp
0073   390F           00097         andlw 0xf
MPASM 5.53                      RECEIVER.ASM   1-3-2014  2:34:39         PAGE  3


LOC  OBJECT CODE     LINE SOURCE TEXT
  VALUE

0074   2???           00098         call getSymCode
0075   00C0           00099         movwf secondDigit
0076   0E22           00100         swapf temp, 0
0077   390F           00101         andlw 0xf
0078   2???           00102         call getSymCode
0079   00BF           00103         movwf firstDigit
007A   0008           00104         return
                      00105 
                      00106 ;===============================================================================
                      00107 ; convert hex to ascii symbol
                      00108 ; input arg: W - value
                      00109 ; Output args in: firstDigit, secondDigit
                      00110 ;===============================================================================
007B                  00111 valueToAsciiHex
007B   00A2           00112         movwf temp
007C   390F           00113         andlw 0xf
007D   2???           00114         call getAsciiCode
007E   00C0           00115         movwf secondDigit
007F   0E22           00116         swapf temp, 0
0080   390F           00117         andlw 0xf
0081   2???           00118         call getAsciiCode
0082   00BF           00119         movwf firstDigit
0083   0008           00120         return
                      00121 
                      00122 ;==============================================
                      00123 ; Clear  display data
                      00124 ;==============================================
0084                  00125 clearLcdData
0084   3028           00126         movlw lcdData
0085   0084           00127         movwf FSR
0086                  00128 nextClear
0086   0180           00129         clrf INDF
0087   0A84           00130         incf  FSR,1
0088   0804           00131         movf  FSR,0
0089   3A3C           00132         xorlw  lcdData+14
008A   1D03           00133         btfss   STATUS,Z
008B   2???           00134           goto  nextClear
008C   0008           00135         return
                      00136 ;===============================================================================
                      00137 ; Display initialize
                      00138 ;===============================================================================
008D                  00139 InitDisplay
008D   3004           00140         movlw   .4
008E   2???           00141         call    Delay
008F   01A7           00142         clrf    dataSize
0090   3040           00143         movlw   b'01000000'     ;Command 2: write data, increment address
0091   2???           00144         call    sendDisplayCommand
0092   0000           00145         nop
0093   30C0           00146         movlw   b'11000000'     ;Command 3: set address
0094   2???           00147         call    sendDisplayCommand
0095   0000           00148         nop
0096   2???           00149         call    clearDisplay
0097   0000           00150         nop
MPASM 5.53                      RECEIVER.ASM   1-3-2014  2:34:39         PAGE  4


LOC  OBJECT CODE     LINE SOURCE TEXT
  VALUE

0098   3088           00151         movlw   b'10001000'     ;Command 4: switch on display
0099   2???           00152         call    sendDisplayCommand
009A   0008           00153         return
                      00154 
                      00155 ;===============================================================================
                      00156 ;Sends
                      00157 ;===============================================================================
009B                  00158 clearDisplay
009B   3014           00159         movlw 14
009C   00A7           00160         movwf dataSize
009D   30C0           00161         movlw   b'11000000'     ;Command 3: set address
009E   1085           00162         bcf     GPIO, STB
009F   2???           00163         call sendOneByte
00A0                  00164 sendData0
00A0   0103           00165         clrw
00A1   2???           00166         call sendOneByte
00A2   03A7           00167         decf dataSize,1
00A3   1D03           00168         btfss   STATUS,Z
00A4   2???           00169                 goto sendData0
00A5   1485           00170         bsf     GPIO, STB
00A6   0008           00171         return
                      00172 
                      00173 ;===============================================================================
                      00174 ; print One byte in lcd in begin of line.
                      00175 ; W contains byte to print
                      00176 ;===============================================================================
00A7                  00177 printHexOnLcd
00A7   2???           00178         call valueToHex
00A8   2???           00179         call clearLcdData
00A9   083F           00180         movf    firstDigit, 0
00AA   00B2           00181         movwf   DIGIT5
00AB   0840           00182         movf    secondDigit, 0
00AC   00B4           00183         movwf   DIGIT6
00AD   300E           00184         movlw .14
00AE   00A7           00185         movwf dataSize
00AF   30C0           00186         movlw b'11000000'
00B0   2???           00187         call sendDisplayCommand
00B1   0008           00188         return
                      00189 
                      00190 ;===============================================================================
                      00191 ; send One byte to the display data in specified address
                      00192 ; digitAddress is address of data
                      00193 ; dataToSend, dataToSend+1  is word to send
                      00194 ;===============================================================================
00B2                  00195 sendDataToDisplay
00B2   083E           00196         movf digitAddress,0
00B3   38C0           00197         iorlw   b'11000000'     ;Command 3: set address
00B4   1085           00198         bcf     GPIO, STB
00B5   2???           00199         call sendOneByte
00B6   0828           00200         movf lcdData, 0
00B7   2???           00201         call sendOneByte
Message[305]: Using default destination of 1 (file).
00B8   0ABE           00202         incf digitAddress
MPASM 5.53                      RECEIVER.ASM   1-3-2014  2:34:39         PAGE  5


LOC  OBJECT CODE     LINE SOURCE TEXT
  VALUE

00B9   0829           00203         movf lcdData+1, 0
00BA   2???           00204         call sendOneByte
Message[305]: Using default destination of 1 (file).
00BB   0ABE           00205         incf digitAddress
00BC   1485           00206         bsf     GPIO, STB
00BD   0008           00207         return
                      00208 
                      00209 ;===============================================================================
                      00210 ;send command and different data to the dispaly
                      00211 ;command is locaed in W-register
                      00212 ;data is located from beginData
                      00213 ;size of data contains in dataSize
                      00214 ;===============================================================================
00BE                  00215 sendDisplayCommand
00BE   1085           00216         bcf     GPIO, STB
00BF   2???           00217         call sendOneByte
00C0   3028           00218         movlw lcdData
00C1   0084           00219         movwf FSR
00C2                  00220 sendData
00C2   0103           00221         clrw
00C3   0427           00222         iorwf dataSize,0
00C4   1903           00223         btfsc STATUS,Z
00C5   2???           00224                 goto endOfSend
00C6   0800           00225         movf INDF,0
00C7   2???           00226         call sendOneByte
Message[305]: Using default destination of 1 (file).
00C8   0A84           00227         incf FSR
00C9   03A7           00228         decf dataSize,1
00CA   2???           00229         goto sendData
00CB                  00230 endOfSend
00CB   1485           00231         bsf     GPIO, STB
00CC   0008           00232         return
                      00233 
                      00234 ;===============================================================================
                      00235 ;send one byte to the dispaly
                      00236 ;===============================================================================
00CD                  00237 sendOneByte
00CD   00BC           00238         movwf byteToSend
00CE   3008           00239         movlw .8
00CF   00BD           00240         movwf bitCount
00D0                  00241 sendBit
00D0   0CBC           00242         rrf     byteToSend,1
00D1   1803           00243         btfsc STATUS,C
00D2   1405           00244          bsf GPIO,DAT
00D3   1285           00245         bcf GPIO, CLK
00D4   1685           00246         bsf     GPIO, CLK
00D5   1005           00247         bcf     GPIO, DAT
00D6   0BBD           00248         decfsz bitCount,1
00D7   2???           00249      goto sendBit
00D8   0008           00250         return
                      00251 ;===============================================================================
                      00252 ;send one byte as uart, register W contains data to send. ;
                      00253 ;Signal pass through UART line.
MPASM 5.53                      RECEIVER.ASM   1-3-2014  2:34:39         PAGE  6


LOC  OBJECT CODE     LINE SOURCE TEXT
  VALUE

                      00254 ;speed: 9600. 1 start bit, 1 stop bit  
                      00255 ;===============================================================================
00D9                  00256 sendToUart
00D9   00BC           00257         movwf byteToSend
00DA   3008           00258         movlw .8
00DB   00BD           00259         movwf bitCount
00DC   1003           00260         bcf     STATUS, C       ;start bit, alway zero
00DD   2???           00261         call sendOneBit
00DE                  00262 sendUartBit
00DE   0CBC           00263         rrf     byteToSend,1
00DF   2???           00264         call sendOneBit ;data bit
00E0   0BBD           00265         decfsz bitCount,1
00E1   2???           00266      goto sendUartBit
00E2   1403           00267         bsf     STATUS, C
00E3   2???           00268         call sendOneBit ;stop bit, alway one
00E4   0008           00269         return
                      00270 ;===============================================================================
                      00271 ;send one bit on CLK line with specified delay
                      00272 ;===============================================================================
00E5                  00273 sendOneBit
00E5   3021           00274         movlw 0x21
00E6   00A2           00275         movwf temp
00E7   1803           00276         btfsc STATUS,C
00E8   1505           00277          bsf GPIO, SERIAL
00E9   1C03           00278         btfss STATUS,C
00EA   1105           00279          bcf GPIO, SERIAL
00EB   0BA2           00280         decfsz  temp,1
00EC   2???           00281          goto $-1
00ED   0008           00282         return
                      00283 ;===============================================================================
                      00284 ;Read IR and blinking subroutine
                      00285 ;===============================================================================
00EE                  00286 ReadIrPort
00EE   1605           00287         bsf             GPIO,GP4        ;Switch on Led
00EF   0000           00288         nop
00F0   1D85           00289         btfss   GPIO,IRPORT
00F1   2???           00290                 goto $-2
00F2   3003           00291         movlw   .3
00F3   1205           00292         bcf             GPIO,GP4        ;Switch ooff Led
00F4   3005           00293         movlw   .5
00F5   2???           00294         call    Delay
00F6   0008           00295         return
                      00296 
                      00297 ;==============================================
                      00298 ; Clear  IR data
                      00299 ;==============================================
00F7                  00300 clearIrData
00F7   3041           00301         movlw irData
00F8   0084           00302         movwf FSR
00F9                  00303 nextCleari
00F9   0180           00304         clrf INDF
00FA   0A84           00305         incf  FSR,1
00FB   0804           00306         movf  FSR,0
MPASM 5.53                      RECEIVER.ASM   1-3-2014  2:34:39         PAGE  7


LOC  OBJECT CODE     LINE SOURCE TEXT
  VALUE

00FC   3A61           00307         xorlw  irData+20
00FD   1D03           00308         btfss   STATUS,Z
00FE   2???           00309           goto  nextCleari
00FF   0008           00310         return
                      00311 
                      00312 
                      00313 ;===============================================================================
                      00314 ;Read IR and blinking subroutine
                      00315 ;===============================================================================
0100                  00316 ReverseIrPort
0100   2???           00317         call    clearIrData
0101   1605           00318         bsf             GPIO,GP4        ;Switch on Led
0102   3010           00319         movlw 10
0103   00A7           00320         movwf dataSize
0104   3041           00321         movlw irData
0105   0084           00322         movwf FSR
0106   1D85           00323         btfss   GPIO,IRPORT  ;wait for first Hi  signal
0107   2???           00324           goto $-1
0108                  00325 calcOn
0108   01A0           00326         clrf blinkCount
0109   01A2           00327         clrf temp
010A   1D85           00328         btfss   GPIO,IRPORT  ;check for following Low signal
010B   2???           00329           goto calcOff
010C   0AA0           00330         incf blinkCount,1       ; increment on time
010D   1903           00331         btfsc   STATUS,Z        ; if overload  then  this is timeout
010E   2???           00332           goto endTransmition
010F   2???           00333         goto calcOn
0110                  00334 calcOff
0110   1985           00335         btfsc   GPIO,IRPORT  ;check for following Hi signal
0111   2???           00336           goto endTransmition
0112   0AA2           00337         incf temp,1                     ; increment off time
0113   1903           00338         btfsc   STATUS,Z        ; if overload  then  this is timeout
0114   2???           00339           goto endTransmition
0115   2???           00340         goto    calcOff
0116                  00341 endTransmition
                      00342         ;store data
0116   0820           00343         movf  blinkCount,0
0117   0080           00344         movwf INDF
0118   0A84           00345         incf FSR,1
0119   0822           00346         movf  temp,0
011A   0080           00347         movwf INDF
011B   0A84           00348         incf FSR,1
                      00349         ;check for stop parsing
011C   03A7           00350         decf dataSize,1
011D   1903           00351         btfsc STATUS,Z
011E   0008           00352          return
011F   08A2           00353         movf temp,1
0120   1903           00354         btfsc STATUS, Z
0121   0008           00355          return
0122   08A0           00356         movf blinkCount,1
0123   1903           00357         btfsc STATUS, Z
0124   0008           00358          return
0125   2???           00359         goto calcOn
MPASM 5.53                      RECEIVER.ASM   1-3-2014  2:34:39         PAGE  8


LOC  OBJECT CODE     LINE SOURCE TEXT
  VALUE

                      00360         
                      00361 
                      00362 ;===============================================================================
                      00363 ;delay subroutine
                      00364 ;===============================================================================
0126                  00365 Delay
0126   00A3           00366         movwf Delay50MsCounter
0127   2???           00367         call Delay50Ms
0128   0BA3           00368         decfsz Delay50MsCounter,1
0129   2???           00369          goto $-2
012A   0008           00370         return
                      00371 
012B                  00372 Delay50Ms
012B   301B           00373         movlw 0x1b
012C   00A4           00374         movwf DelayOutCounter
012D                  00375 loop1
012D   30E7           00376         movlw 0xe7
012E   00A5           00377         movwf DelayInCounter
012F                  00378 loop2
012F   0000           00379         nop
0130   0000           00380         nop
0131   0000           00381         nop
0132   0000           00382         nop
0133   0000           00383         nop
0134   0BA5           00384         decfsz DelayInCounter,1
0135   2???           00385          goto loop2
0136   0BA4           00386         decfsz DelayOutCounter,1
0137   2???           00387          goto loop1
0138   0008           00388         return
                      00389 
                      00390 ;===============================================================================
                      00391 ; Main programm. cycle, invoking  previous defined procedures
                      00392 ;===============================================================================
0139                  00393 Start
0139                  00394 Configure
                      00395         ;calibrate internal oscillator
0139   1683           00396         bsf             STATUS, RP0 ;Bank 1
013A   23FF           00397         call    0x3FF           ;Get the cal value
Message[302]: Register in operand not in bank 0.  Ensure that bank bits are correct.
013B   0090           00398         movwf   OSCCAL          ;Calibrate
                      00399     ;configure GP2 as IO led driver
013C   1283           00400         bcf     STATUS,RP0  ;Bank 0
013D   0185           00401         clrf    GPIO        ;Init GPIO
013E   3007           00402         movlw   0x07        ;Set GP<2:0> to
013F   0099           00403         movwf   CMCON       ;digital IO
0140   1683           00404     bsf     STATUS,RP0  ;Bank 1
0141   30C8           00405     movlw       b'11001000'             ;Set only GP0,GP1,GP2,GP5,GP4 as output, all other is input.
Message[302]: Register in operand not in bank 0.  Ensure that bank bits are correct.
0142   0085           00406     movwf       TRISIO
0143   1283           00407         bcf             STATUS,RP0  ;Bank 0
0144   1485           00408         bsf             GPIO,STB
0145   1005           00409         bcf             GPIO,DAT
0146   1685           00410         bsf             GPIO,CLK        
MPASM 5.53                      RECEIVER.ASM   1-3-2014  2:34:39         PAGE  9


LOC  OBJECT CODE     LINE SOURCE TEXT
  VALUE

0147   1505           00411         bsf             GPIO,SERIAL     ;init uart line
                      00412 ;Introduction with blinking of red and green led order by order
                      00413         ;call   IntroBlinking
0148   2???           00414         call    InitDisplay
0149   01A0           00415         clrf    blinkCount
014A                  00416 workingLoop
014A   300A           00417         movlw   '\n'
014B   2???           00418         call    sendToUart
                      00419         ;movlw  '\r'
                      00420         ;call   sendToUart
014C   2???           00421         call    ReverseIrPort
014D   3043           00422         movlw   'C'
014E   2???           00423         call    sendToUart
014F   0827           00424         movf    dataSize, 0
0150   3C0A           00425         sublw   .10
0151   00A7           00426         movwf   dataSize
0152   2???           00427         call    printHexOnUart
0153   300A           00428         movlw   '\n'
0154   2???           00429         call    sendToUart
                      00430         ;-------------print data
0155   3041           00431         movlw irData
0156   0084           00432         movwf FSR
0157                  00433 nextValue
0157   3048           00434         movlw   'H'
0158   2???           00435         call    sendToUart
0159   0800           00436         movf  INDF,0
015A   2???           00437         call    printHexOnUart
015B   0A84           00438         incf  FSR,1
015C   3020           00439         movlw   ' '
015D   2???           00440         call    sendToUart
015E   304C           00441         movlw   'L'
015F   2???           00442         call    sendToUart
0160   0800           00443         movf  INDF,0
0161   2???           00444         call    printHexOnUart
0162   0A84           00445         incf  FSR,1
0163   300A           00446         movlw   '\n'
0164   2???           00447         call    sendToUart
0165   03A7           00448         decf    dataSize,1
0166   1D03           00449         btfss   STATUS,Z
0167   2???           00450           goto  nextValue
0168   2???           00451         goto    workingLoop
                      00452 
0169                  00453 printHexOnUart
0169   2???           00454         call    valueToAsciiHex
016A   083F           00455         movf    firstDigit, 0
016B   2???           00456         call    sendToUart
016C   0840           00457         movf    secondDigit, 0
016D   2???           00458         call    sendToUart
016E   0008           00459         return
                      00460         ;call   ReadIrPort
                      00461         ;incf   blinkCount,1
                      00462         ;movfw  blinkCount
                      00463         ;call   printHexOnLcd
MPASM 5.53                      RECEIVER.ASM   1-3-2014  2:34:39         PAGE 10


LOC  OBJECT CODE     LINE SOURCE TEXT
  VALUE

                      00464 
                      00465         ;movfw  blinkCount
                      00466         ;call   valueToAsciiHex
                      00467         ;movf   firstDigit, 0
                      00468         ;call   sendToUart
                      00469         ;movf   secondDigit, 0
                      00470         ;call   sendToUart
                      00471         ;movlw  0x20
                      00472         ;call   sendToUart
                      00473 
                      00474         org     0x3ff
03FF   3430           00475         dw 0x3430
3FD4                  00476         end
MPASM 5.53                      RECEIVER.ASM   1-3-2014  2:34:39         PAGE 11


SYMBOL TABLE
  LABEL                             VALUE 

ADIE                              00000006
ADIF                              00000006
C                                 00000000
CAL0                              00000002
CAL1                              00000003
CAL2                              00000004
CAL3                              00000005
CAL4                              00000006
CAL5                              00000007
CINV                              00000004
CIS                               00000003
CLK                               00000005
CM0                               00000000
CM1                               00000001
CM2                               00000002
CMCON                             00000019
CMIE                              00000003
CMIF                              00000003
COUT                              00000006
Configure                         00000139
DAT                               00000000
DC                                00000001
DIGIT0                            00000028
DIGIT1                            0000002A
DIGIT2                            0000002C
DIGIT3                            0000002E
DIGIT4                            00000030
DIGIT5                            00000032
DIGIT6                            00000034
Delay                             00000126
Delay50Ms                         0000012B
Delay50MsCounter                  00000023
DelayInCounter                    00000025
DelayOutCounter                   00000024
EEADR                             0000009B
EECON1                            0000009C
EECON2                            0000009D
EEDAT                             0000009A
EEDATA                            0000009A
EEIE                              00000007
EEIF                              00000007
F                                 00000001
FSR                               00000004
GIE                               00000007
GP0                               00000000
GP1                               00000001
GP2                               00000002
GP3                               00000003
GP4                               00000004
GP5                               00000005
GPIE                              00000003
GPIF                              00000000
GPIO                              00000005
MPASM 5.53                      RECEIVER.ASM   1-3-2014  2:34:39         PAGE 12


SYMBOL TABLE
  LABEL                             VALUE 

GPIO0                             00000000
GPIO1                             00000001
GPIO2                             00000002
GPIO3                             00000003
GPIO4                             00000004
GPIO5                             00000005
INDF                              00000000
INTCON                            0000000B
INTE                              00000004
INTEDG                            00000006
INTF                              00000001
IOC                               00000096
IOC0                              00000000
IOC1                              00000001
IOC2                              00000002
IOC3                              00000003
IOC4                              00000004
IOC5                              00000005
IOCB                              00000096
IOCB0                             00000000
IOCB1                             00000001
IOCB2                             00000002
IOCB3                             00000003
IOCB4                             00000004
IOCB5                             00000005
IRP                               00000007
IRPORT                            00000003
InitDisplay                       0000008D
NOT_BOD                           00000000
NOT_BOR                           00000000
NOT_GPPU                          00000007
NOT_PD                            00000003
NOT_POR                           00000001
NOT_T1SYNC                        00000002
NOT_TO                            00000004
OPTION_REG                        00000081
OSCCAL                            00000090
PCL                               00000002
PCLATH                            0000000A
PCON                              0000008E
PEIE                              00000006
PIE1                              0000008C
PIR1                              0000000C
PS0                               00000000
PS1                               00000001
PS2                               00000002
PSA                               00000003
RD                                00000000
RP0                               00000005
RP1                               00000006
ReadIrPort                        000000EE
ReverseIrPort                     00000100
SERIAL                            00000002
MPASM 5.53                      RECEIVER.ASM   1-3-2014  2:34:39         PAGE 13


SYMBOL TABLE
  LABEL                             VALUE 

STATUS                            00000003
STB                               00000001
Start                             00000139
T0CS                              00000005
T0IE                              00000005
T0IF                              00000002
T0SE                              00000004
T1CKPS0                           00000004
T1CKPS1                           00000005
T1CON                             00000010
T1IE                              00000000
T1IF                              00000000
T1OSCEN                           00000003
TMR0                              00000001
TMR0IE                            00000005
TMR0IF                            00000002
TMR1                              0000000E
TMR1CS                            00000001
TMR1GE                            00000006
TMR1H                             0000000F
TMR1IE                            00000000
TMR1IF                            00000000
TMR1L                             0000000E
TMR1ON                            00000000
TRISIO                            00000085
TRISIO0                           00000000
TRISIO1                           00000001
TRISIO2                           00000002
TRISIO3                           00000003
TRISIO4                           00000004
TRISIO5                           00000005
VR0                               00000000
VR1                               00000001
VR2                               00000002
VR3                               00000003
VRCON                             00000099
VREN                              00000007
VRR                               00000005
W                                 00000000
WPU                               00000095
WPU0                              00000000
WPU1                              00000001
WPU2                              00000002
WPU4                              00000004
WPU5                              00000005
WR                                00000001
WREN                              00000002
WRERR                             00000003
Z                                 00000002
_.org_1_00EC                      000000EC
_.org_1_00F1                      000000F1
_.org_1_0107                      00000107
_.org_1_0129                      00000129
MPASM 5.53                      RECEIVER.ASM   1-3-2014  2:34:39         PAGE 14


SYMBOL TABLE
  LABEL                             VALUE 

_BODEN_OFF                        00003FBF
_BODEN_ON                         00003FFF
_BOREN_OFF                        00003FBF
_BOREN_ON                         00003FFF
_CONFIG                           00002007
_CPD_OFF                          00003FFF
_CPD_ON                           00003EFF
_CP_OFF                           00003FFF
_CP_ON                            00003F7F
_DEVID1                           00002006
_EC_OSC                           00003FFB
_EXTRC_OSC_CLKOUT                 00003FFF
_EXTRC_OSC_NOCLKOUT               00003FFE
_FOSC_EC                          00003FFB
_FOSC_EXTRCCLK                    00003FFF
_FOSC_EXTRCIO                     00003FFE
_FOSC_HS                          00003FFA
_FOSC_INTRCCLK                    00003FFD
_FOSC_INTRCIO                     00003FFC
_FOSC_LP                          00003FF8
_FOSC_XT                          00003FF9
_HS_OSC                           00003FFA
_IDLOC0                           00002000
_IDLOC1                           00002001
_IDLOC2                           00002002
_IDLOC3                           00002003
_INTRC_OSC_CLKOUT                 00003FFD
_INTRC_OSC_NOCLKOUT               00003FFC
_LP_OSC                           00003FF8
_MCLRE_OFF                        00003FDF
_MCLRE_ON                         00003FFF
_PWRTE_OFF                        00003FFF
_PWRTE_ON                         00003FEF
_WDTE_OFF                         00003FF7
_WDTE_ON                          00003FFF
_WDT_OFF                          00003FF7
_WDT_ON                           00003FFF
_XT_OSC                           00003FF9
__12F629                          00000001
__DEBUG                           
bitCount                          0000003D
blinkCount                        00000020
byteToSend                        0000003C
calcOff                           00000110
calcOn                            00000108
clearDisplay                      0000009B
clearIrData                       000000F7
clearLcdData                      00000084
command                           00000026
dataSize                          00000027
delayCounter                      00000021
digitAddress                      0000003E
endOfSend                         000000CB
MPASM 5.53                      RECEIVER.ASM   1-3-2014  2:34:39         PAGE 15


SYMBOL TABLE
  LABEL                             VALUE 

endTransmition                    00000116
firstDigit                        0000003F
getAsciiCode                      00000061
getSymCode                        00000050
irData                            00000041
lcdData                           00000028
loop1                             0000012D
loop2                             0000012F
nextClear                         00000086
nextCleari                        000000F9
nextValue                         00000157
printHexOnLcd                     000000A7
printHexOnUart                    00000169
secondDigit                       00000040
sendBit                           000000D0
sendData                          000000C2
sendData0                         000000A0
sendDataToDisplay                 000000B2
sendDisplayCommand                000000BE
sendOneBit                        000000E5
sendOneByte                       000000CD
sendToUart                        000000D9
sendUartBit                       000000DE
temp                              00000022
valueToAsciiHex                   0000007B
valueToHex                        00000072
workingLoop                       0000014A

Errors   :     0
Warnings :     0 reported,     0 suppressed
Messages :     5 reported,     0 suppressed

